Starting Dynare (version 6.1).
Calling Dynare with arguments: none
Starting preprocessing of the model file ... 
WARNING: the location C:\Users\gauth\AppData\Roaming\dynare.ini for the configuration file is obsolete; please see the reference manual for the new location. 
Found 23 equation(s). 
Evaluating expressions... 
Computing static model derivatives (order 1). 
Normalizing the static model... 
Normalization failed with cutoff, trying symbolic normalization... 
Finding the optimal block decomposition of the static model... 
10 block(s) found: 
  9 recursive block(s) and 1 simultaneous block(s). 
  the largest simultaneous block has 10 equation(s) 
                                 and 10 feedback variable(s). 
Computing dynamic model derivatives (order 1). 
Normalizing the dynamic model... 
Normalization failed with cutoff, trying symbolic normalization... 
Finding the optimal block decomposition of the dynamic model... 
6 block(s) found: 
  5 recursive block(s) and 1 simultaneous block(s). 
  the largest simultaneous block has 11 equation(s) 
                                 and 11 feedback variable(s). 
Preprocessing completed. 
Preprocessing time: 0h00m00s.
[Warning: Some of the parameters have no value
(beta, psi, cap, chi, A, p) when using steady. If
these parameters are not initialized in a
steadystate file or a steady_state_model-block,
Dynare may not be able to solve the model. Note
that simul, perfect_foresight_setup, and
perfect_foresight_solver do not automatically call
the steady state file.] 

STEADY-STATE RESULTS:

y        		 3.62074
c        		 2.57321
n        		 150.393
e        		 1
mu       		 0.302274
w        		 0.0159343
pe       		 27.1614
thet     		 1
b        		 0
mc       		 0.992782
lb       		 1.76952
k        		 219.551
e_a      		 1
e_pe     		 1
e_e      		 1
lambda   		 0.0225127
q        		 1
i        		 1.01584
dy_obs   		 0.129273
pe_obs   		 0
de_obs   		 0
mu_cost  		 0.124996
deltaphi 		 0.280449

--------------------------------------------------------
MODEL SIMULATION:

Iter: 1,	 err. = 43.3978,	 time = 0.125
Iter: 2,	 err. = 17.4196,	 time = 0.055
Iter: 3,	 err. = 0.17043,	 time = 0.05
Iter: 4,	 err. = 1.45711e-05,	 time = 0.049
Iter: 5,	 err. = 2.27374e-13,	 time = 0.046

Total time of simulation: 0.472.
--------------------------------------------------------


Perfect foresight solution found.

Total computing time : 0h00m02s
